#
# There is insufficient memory for the Java Runtime Environment to continue.
# Native memory allocation (mmap) failed to map 724828160 bytes for committing reserved memory.
# Possible reasons:
#   The system is out of physical RAM or swap space
#   In 32 bit mode, the process size limit was hit
# Possible solutions:
#   Reduce memory load on the system
#   Increase physical memory or swap space
#   Check if swap backing store is full
#   Use 64 bit Java on a 64 bit OS
#   Decrease Java heap size (-Xmx/-Xms)
#   Decrease number of Java threads
#   Decrease Java thread stack sizes (-Xss)
#   Set larger code cache with -XX:ReservedCodeCacheSize=
# This output file may be truncated or incomplete.
#
#  Out of Memory Error (os_linux.cpp:2651), pid=6775, tid=0x00007f9086139700
#
# JRE version:  (8.0_131-b12) (build )
# Java VM: OpenJDK 64-Bit Server VM (25.131-b12 mixed mode linux-amd64 compressed oops)
# Core dump written. Default location: /home/prakshal/Documents/ERPSystem/core or core.6775
#

---------------  T H R E A D  ---------------

Current thread (0x00007f907c00c000):  JavaThread "Unknown thread" [_thread_in_vm, id=6808, stack(0x00007f9086039000,0x00007f908613a000)]

Stack: [0x00007f9086039000,0x00007f908613a000],  sp=0x00007f9086138530,  free space=1021k
Native frames: (J=compiled Java code, j=interpreted, Vv=VM code, C=native code)
V  [libjvm.so+0xb574d2]
V  [libjvm.so+0x4f5f37]
V  [libjvm.so+0x917430]
V  [libjvm.so+0x91199e]
V  [libjvm.so+0xb5391c]
V  [libjvm.so+0x600b66]
V  [libjvm.so+0x4d2bfd]
V  [libjvm.so+0x602042]
V  [libjvm.so+0x5ec3ef]
V  [libjvm.so+0xb1985a]
V  [libjvm.so+0xb19b65]
V  [libjvm.so+0x64686f]
V  [libjvm.so+0xafc75b]
V  [libjvm.so+0x6d41b1]  JNI_CreateJavaVM+0x61
C  [libjli.so+0x2b53]
C  [libpthread.so.0+0x736d]  start_thread+0xdd


---------------  P R O C E S S  ---------------

Java Threads: ( => current thread )

Other Threads:

=>0x00007f907c00c000 (exited) JavaThread "Unknown thread" [_thread_in_vm, id=6808, stack(0x00007f9086039000,0x00007f908613a000)]

VM state:not at safepoint (not fully initialized)

VM Mutex/Monitor currently owned by a thread: None

GC Heap History (0 events):
No events

Deoptimization events (0 events):
No events

Internal exceptions (0 events):
No events

Events (0 events):
No events


Dynamic libraries:
c0000000-d4cc0000 rw-p 00000000 00:00 0 
55fbff6cd000-55fbff6ce000 r-xp 00000000 08:03 527992                     /usr/lib/jvm/java-1.8.0-openjdk-1.8.0.131-7.b12.fc26.x86_64/bin/java
55fbff8cd000-55fbff8ce000 r--p 00000000 08:03 527992                     /usr/lib/jvm/java-1.8.0-openjdk-1.8.0.131-7.b12.fc26.x86_64/bin/java
55fbff8ce000-55fbff8cf000 rw-p 00001000 08:03 527992                     /usr/lib/jvm/java-1.8.0-openjdk-1.8.0.131-7.b12.fc26.x86_64/bin/java
55fc01597000-55fc015b8000 rw-p 00000000 00:00 0                          [heap]
7f9058000000-7f9058021000 rw-p 00000000 00:00 0 
7f9058021000-7f905c000000 ---p 00000000 00:00 0 
7f9060000000-7f9060021000 rw-p 00000000 00:00 0 
7f9060021000-7f9064000000 ---p 00000000 00:00 0 
7f9064000000-7f9064021000 rw-p 00000000 00:00 0 
7f9064021000-7f9068000000 ---p 00000000 00:00 0 
7f9068000000-7f9068021000 rw-p 00000000 00:00 0 
7f9068021000-7f906c000000 ---p 00000000 00:00 0 
7f906d000000-7f906d270000 rwxp 00000000 00:00 0 
7f906d270000-7f907c000000 ---p 00000000 00:00 0 
7f907c000000-7f907c03d000 rw-p 00000000 00:00 0 
7f907c03d000-7f9080000000 ---p 00000000 00:00 0 
7f90819f6000-7f9081ea1000 rw-p 00000000 00:00 0 
7f9081ea1000-7f9081ffa000 ---p 00000000 00:00 0 
7f9081ffa000-7f9081ffb000 rw-p 00000000 00:00 0 
7f9081ffb000-7f9081ffc000 ---p 00000000 00:00 0 
7f9081ffc000-7f90820fc000 rw-p 00000000 00:00 0 
7f90820fc000-7f90820fd000 ---p 00000000 00:00 0 
7f90820fd000-7f90821fd000 rw-p 00000000 00:00 0 
7f90821fd000-7f90821fe000 ---p 00000000 00:00 0 
7f90821fe000-7f90822fe000 rw-p 00000000 00:00 0 
7f90822fe000-7f90822ff000 ---p 00000000 00:00 0 
7f90822ff000-7f9082409000 rw-p 00000000 00:00 0 
7f9082409000-7f90827bf000 ---p 00000000 00:00 0 
7f90827bf000-7f90827c7000 r-xp 00000000 08:03 399455                     /usr/lib/jvm/java-1.8.0-openjdk-1.8.0.131-7.b12.fc26.x86_64/jre/lib/amd64/libzip.so
7f90827c7000-7f90829c6000 ---p 00008000 08:03 399455                     /usr/lib/jvm/java-1.8.0-openjdk-1.8.0.131-7.b12.fc26.x86_64/jre/lib/amd64/libzip.so
7f90829c6000-7f90829c7000 r--p 00007000 08:03 399455                     /usr/lib/jvm/java-1.8.0-openjdk-1.8.0.131-7.b12.fc26.x86_64/jre/lib/amd64/libzip.so
7f90829c7000-7f90829c8000 rw-p 00000000 00:00 0 
7f90829c8000-7f90831cd000 r--s 00000000 08:03 2621481                    /var/lib/sss/mc/passwd
7f90831cd000-7f90831d5000 r-xp 00000000 08:03 402928                     /usr/lib64/libnss_sss.so.2
7f90831d5000-7f90833d4000 ---p 00008000 08:03 402928                     /usr/lib64/libnss_sss.so.2
7f90833d4000-7f90833d5000 r--p 00007000 08:03 402928                     /usr/lib64/libnss_sss.so.2
7f90833d5000-7f90833d6000 rw-p 00008000 08:03 402928                     /usr/lib64/libnss_sss.so.2
7f90833d6000-7f9083404000 r-xp 00000000 08:03 399437                     /usr/lib/jvm/java-1.8.0-openjdk-1.8.0.131-7.b12.fc26.x86_64/jre/lib/amd64/libjava.so
7f9083404000-7f9083603000 ---p 0002e000 08:03 399437                     /usr/lib/jvm/java-1.8.0-openjdk-1.8.0.131-7.b12.fc26.x86_64/jre/lib/amd64/libjava.so
7f9083603000-7f9083604000 r--p 0002d000 08:03 399437                     /usr/lib/jvm/java-1.8.0-openjdk-1.8.0.131-7.b12.fc26.x86_64/jre/lib/amd64/libjava.so
7f9083604000-7f9083605000 rw-p 0002e000 08:03 399437                     /usr/lib/jvm/java-1.8.0-openjdk-1.8.0.131-7.b12.fc26.x86_64/jre/lib/amd64/libjava.so
7f9083605000-7f9083606000 rw-p 00000000 00:00 0 
7f9083606000-7f9083613000 r-xp 00000000 08:03 399454                     /usr/lib/jvm/java-1.8.0-openjdk-1.8.0.131-7.b12.fc26.x86_64/jre/lib/amd64/libverify.so
7f9083613000-7f9083812000 ---p 0000d000 08:03 399454                     /usr/lib/jvm/java-1.8.0-openjdk-1.8.0.131-7.b12.fc26.x86_64/jre/lib/amd64/libverify.so
7f9083812000-7f9083814000 r--p 0000c000 08:03 399454                     /usr/lib/jvm/java-1.8.0-openjdk-1.8.0.131-7.b12.fc26.x86_64/jre/lib/amd64/libverify.so
7f9083814000-7f9083815000 rw-p 00000000 00:00 0 
7f9083815000-7f908381c000 r-xp 00000000 08:03 403060                     /usr/lib64/librt-2.25.so
7f908381c000-7f9083a1b000 ---p 00007000 08:03 403060                     /usr/lib64/librt-2.25.so
7f9083a1b000-7f9083a1c000 r--p 00006000 08:03 403060                     /usr/lib64/librt-2.25.so
7f9083a1c000-7f9083a1d000 rw-p 00007000 08:03 403060                     /usr/lib64/librt-2.25.so
7f9083a1d000-7f9083a33000 r-xp 00000000 08:03 402598                     /usr/lib64/libgcc_s-7-20170622.so.1
7f9083a33000-7f9083c32000 ---p 00016000 08:03 402598                     /usr/lib64/libgcc_s-7-20170622.so.1
7f9083c32000-7f9083c33000 r--p 00015000 08:03 402598                     /usr/lib64/libgcc_s-7-20170622.so.1
7f9083c33000-7f9083c34000 rw-p 00016000 08:03 402598                     /usr/lib64/libgcc_s-7-20170622.so.1
7f9083c34000-7f9083d49000 r-xp 00000000 08:03 402838                     /usr/lib64/libm-2.25.so
7f9083d49000-7f9083f48000 ---p 00115000 08:03 402838                     /usr/lib64/libm-2.25.so
7f9083f48000-7f9083f49000 r--p 00114000 08:03 402838                     /usr/lib64/libm-2.25.so
7f9083f49000-7f9083f4a000 rw-p 00115000 08:03 402838                     /usr/lib64/libm-2.25.so
7f9083f4a000-7f90840c4000 r-xp 00000000 08:03 403132                     /usr/lib64/libstdc++.so.6.0.24
7f90840c4000-7f90842c3000 ---p 0017a000 08:03 403132                     /usr/lib64/libstdc++.so.6.0.24
7f90842c3000-7f90842cd000 r--p 00179000 08:03 403132                     /usr/lib64/libstdc++.so.6.0.24
7f90842cd000-7f90842cf000 rw-p 00183000 08:03 403132                     /usr/lib64/libstdc++.so.6.0.24
7f90842cf000-7f90842d2000 rw-p 00000000 00:00 0 
7f90842d2000-7f9085026000 r-xp 00000000 08:03 399459                     /usr/lib/jvm/java-1.8.0-openjdk-1.8.0.131-7.b12.fc26.x86_64/jre/lib/amd64/server/libjvm.so
7f9085026000-7f9085226000 ---p 00d54000 08:03 399459                     /usr/lib/jvm/java-1.8.0-openjdk-1.8.0.131-7.b12.fc26.x86_64/jre/lib/amd64/server/libjvm.so
7f9085226000-7f90852c1000 r--p 00d54000 08:03 399459                     /usr/lib/jvm/java-1.8.0-openjdk-1.8.0.131-7.b12.fc26.x86_64/jre/lib/amd64/server/libjvm.so
7f90852c1000-7f90852ea000 rw-p 00def000 08:03 399459                     /usr/lib/jvm/java-1.8.0-openjdk-1.8.0.131-7.b12.fc26.x86_64/jre/lib/amd64/server/libjvm.so
7f90852ea000-7f908531a000 rw-p 00000000 00:00 0 
7f908531a000-7f90854e1000 r-xp 00000000 08:03 402415                     /usr/lib64/libc-2.25.so
7f90854e1000-7f90856e1000 ---p 001c7000 08:03 402415                     /usr/lib64/libc-2.25.so
7f90856e1000-7f90856e5000 r--p 001c7000 08:03 402415                     /usr/lib64/libc-2.25.so
7f90856e5000-7f90856e7000 rw-p 001cb000 08:03 402415                     /usr/lib64/libc-2.25.so
7f90856e7000-7f90856eb000 rw-p 00000000 00:00 0 
7f90856eb000-7f90856ee000 r-xp 00000000 08:03 402507                     /usr/lib64/libdl-2.25.so
7f90856ee000-7f90858ed000 ---p 00003000 08:03 402507                     /usr/lib64/libdl-2.25.so
7f90858ed000-7f90858ee000 r--p 00002000 08:03 402507                     /usr/lib64/libdl-2.25.so
7f90858ee000-7f90858ef000 rw-p 00003000 08:03 402507                     /usr/lib64/libdl-2.25.so
7f90858ef000-7f90858fd000 r-xp 00000000 08:03 792829                     /usr/lib/jvm/java-1.8.0-openjdk-1.8.0.131-7.b12.fc26.x86_64/lib/amd64/jli/libjli.so
7f90858fd000-7f9085afc000 ---p 0000e000 08:03 792829                     /usr/lib/jvm/java-1.8.0-openjdk-1.8.0.131-7.b12.fc26.x86_64/lib/amd64/jli/libjli.so
7f9085afc000-7f9085afd000 r--p 0000d000 08:03 792829                     /usr/lib/jvm/java-1.8.0-openjdk-1.8.0.131-7.b12.fc26.x86_64/lib/amd64/jli/libjli.so
7f9085afd000-7f9085afe000 rw-p 00000000 00:00 0 
7f9085afe000-7f9085b14000 r-xp 00000000 08:03 403320                     /usr/lib64/libz.so.1.2.11
7f9085b14000-7f9085d13000 ---p 00016000 08:03 403320                     /usr/lib64/libz.so.1.2.11
7f9085d13000-7f9085d14000 r--p 00015000 08:03 403320                     /usr/lib64/libz.so.1.2.11
7f9085d14000-7f9085d15000 rw-p 00000000 00:00 0 
7f9085d15000-7f9085d2e000 r-xp 00000000 08:03 403011                     /usr/lib64/libpthread-2.25.so
7f9085d2e000-7f9085f2e000 ---p 00019000 08:03 403011                     /usr/lib64/libpthread-2.25.so
7f9085f2e000-7f9085f2f000 r--p 00019000 08:03 403011                     /usr/lib64/libpthread-2.25.so
7f9085f2f000-7f9085f30000 rw-p 0001a000 08:03 403011                     /usr/lib64/libpthread-2.25.so
7f9085f30000-7f9085f34000 rw-p 00000000 00:00 0 
7f9085f34000-7f9085f5b000 r-xp 00000000 08:03 402238                     /usr/lib64/ld-2.25.so
7f9086039000-7f908603c000 ---p 00000000 00:00 0 
7f908603c000-7f908613f000 rw-p 00000000 00:00 0 
7f908614e000-7f9086156000 rw-s 00000000 00:28 164437                     /tmp/hsperfdata_prakshal/6775
7f9086156000-7f9086157000 rw-p 00000000 00:00 0 
7f9086157000-7f9086158000 r--p 00000000 00:00 0 
7f9086158000-7f908615a000 rw-p 00000000 00:00 0 
7f908615a000-7f908615b000 r--p 00026000 08:03 402238                     /usr/lib64/ld-2.25.so
7f908615b000-7f908615d000 rw-p 00027000 08:03 402238                     /usr/lib64/ld-2.25.so
7ffee7dca000-7ffee7dec000 rw-p 00000000 00:00 0                          [stack]
7ffee7df5000-7ffee7df7000 r--p 00000000 00:00 0                          [vvar]
7ffee7df7000-7ffee7df9000 r-xp 00000000 00:00 0                          [vdso]
ffffffffff600000-ffffffffff601000 r-xp 00000000 00:00 0                  [vsyscall]

VM Arguments:
jvm_args: -Xms2g -Xmx2g -XX:+UseConcMarkSweepGC -XX:CMSInitiatingOccupancyFraction=75 -XX:+UseCMSInitiatingOccupancyOnly -XX:+DisableExplicitGC -XX:+AlwaysPreTouch -Xss1m -Djava.awt.headless=true -Dfile.encoding=UTF-8 -Djna.nosys=true -Djdk.io.permissionsUseCanonicalPath=true -Dio.netty.noUnsafe=true -Dio.netty.noKeySetOptimization=true -Dio.netty.recycler.maxCapacityPerThread=0 -Dlog4j.shutdownHookEnabled=false -Dlog4j2.disable.jmx=true -Dlog4j.skipJansi=true -XX:+HeapDumpOnOutOfMemoryError -Xms1g -Xmx1g -Des.path.home=/tmp/embedded-elasticsearch-temp-dir/elasticsearch-5.4.1 
java_command: org.elasticsearch.bootstrap.Elasticsearch
java_class_path (initial): /tmp/embedded-elasticsearch-temp-dir/elasticsearch-5.4.1/lib/java-version-checker-5.4.1.jar:/tmp/embedded-elasticsearch-temp-dir/elasticsearch-5.4.1/lib/jna-4.4.0.jar:/tmp/embedded-elasticsearch-temp-dir/elasticsearch-5.4.1/lib/log4j-1.2-api-2.8.2.jar:/tmp/embedded-elasticsearch-temp-dir/elasticsearch-5.4.1/lib/log4j-core-2.8.2.jar:/tmp/embedded-elasticsearch-temp-dir/elasticsearch-5.4.1/lib/log4j-api-2.8.2.jar:/tmp/embedded-elasticsearch-temp-dir/elasticsearch-5.4.1/lib/jts-1.13.jar:/tmp/embedded-elasticsearch-temp-dir/elasticsearch-5.4.1/lib/spatial4j-0.6.jar:/tmp/embedded-elasticsearch-temp-dir/elasticsearch-5.4.1/lib/HdrHistogram-2.1.9.jar:/tmp/embedded-elasticsearch-temp-dir/elasticsearch-5.4.1/lib/t-digest-3.0.jar:/tmp/embedded-elasticsearch-temp-dir/elasticsearch-5.4.1/lib/jackson-dataformat-cbor-2.8.6.jar:/tmp/embedded-elasticsearch-temp-dir/elasticsearch-5.4.1/lib/jackson-dataformat-yaml-2.8.6.jar:/tmp/embedded-elasticsearch-temp-dir/elasticsearch-5.4.1/lib/jackson-dataformat-smile-2.8.6.jar:/tmp/embedded-elasticsearch-temp-dir/elasticsearch-5.4.1/lib/jackson-core-2.8.6.jar:/tmp/embedded-elasticsearch-temp-dir/elasticsearch-5.4.1/lib/snakeyaml-1.15.jar:/tmp/embedded-elasticsearch-temp-dir/elasticsearch-5.4.1/lib/joda-time-2.9.5.jar:/tmp/embedded-elasticsearch-temp-dir/elasticsearch-5.4.1/lib/hppc-0.7.1.jar:/tmp/embedded-elasticsearch-temp-dir/elasticsearch-5.4.1/lib/jopt-simple-5.0.2.jar:/tmp/embedded-elasticsearch-temp-dir/elasticsearch-5.4.1/lib/securesm-1.1.jar:/tmp/embedded-elasticsearch-temp-dir/elasticsearch-5.4.1/lib/lucene-suggest-6.5.1.jar:/tmp/embedded-elasticsearch-temp-dir/elasticsearch-5.4.1/lib/lucene-spatial3d-6.5.1.jar:/tmp/embedded-elasticsearch-temp-dir/elasticsearch-5.4.1/lib/lucene-spatial-extras-6.5.1.jar:/tmp/embedded-elasticsearch-temp-dir/elasticsearch-5.4.1/lib/lucene-spatial-6.5.1.jar:/tmp/embedded-elasticsearch-temp-dir/elasticsearch-5.4.1/lib/lucene-sandbox-6.5.1.jar:/tmp/embedded-elasticsearch-temp-d
Launcher Type: SUN_STANDARD

Environment Variables:
JAVA_HOME=/usr/lib/jvm/java
PATH=/usr/local/bin:/usr/local/sbin:/usr/bin:/usr/sbin:/home/prakshal/.local/bin:/home/prakshal/bin:/home/prakshal/.local/bin:/home/prakshal/bin
USERNAME=prakshal
LD_LIBRARY_PATH=/home/prakshal/Downloads/ideaIC-2017.2.6/idea-IC-172.4574.11/bin:
SHELL=/bin/bash
DISPLAY=:0

Signal Handlers:
SIGSEGV: [libjvm.so+0xb57e10], sa_mask[0]=11111111011111111101111111111110, sa_flags=SA_RESTART|SA_SIGINFO
SIGBUS: [libjvm.so+0xb57e10], sa_mask[0]=11111111011111111101111111111110, sa_flags=SA_RESTART|SA_SIGINFO
SIGFPE: [libjvm.so+0x912ad0], sa_mask[0]=11111111011111111101111111111110, sa_flags=SA_RESTART|SA_SIGINFO
SIGPIPE: [libjvm.so+0x912ad0], sa_mask[0]=11111111011111111101111111111110, sa_flags=SA_RESTART|SA_SIGINFO
SIGXFSZ: [libjvm.so+0x912ad0], sa_mask[0]=11111111011111111101111111111110, sa_flags=SA_RESTART|SA_SIGINFO
SIGILL: [libjvm.so+0x912ad0], sa_mask[0]=11111111011111111101111111111110, sa_flags=SA_RESTART|SA_SIGINFO
SIGUSR1: SIG_DFL, sa_mask[0]=00000000000000000000000000000000, sa_flags=none
SIGUSR2: [libjvm.so+0x912980], sa_mask[0]=00100000000000000000000000000000, sa_flags=SA_RESTART|SA_SIGINFO
SIGHUP: SIG_DFL, sa_mask[0]=00000000000000000000000000000000, sa_flags=none
SIGINT: SIG_DFL, sa_mask[0]=00000000000000000000000000000000, sa_flags=none
SIGTERM: SIG_DFL, sa_mask[0]=00000000000000000000000000000000, sa_flags=none
SIGQUIT: SIG_DFL, sa_mask[0]=00000000000000000000000000000000, sa_flags=none


---------------  S Y S T E M  ---------------

OS:Fedora release 26 (Twenty Six)

uname:Linux 4.11.8-300.fc26.x86_64 #1 SMP Thu Jun 29 20:09:48 UTC 2017 x86_64
libc:glibc 2.25 NPTL 2.25 
rlimit: STACK 8192k, CORE infinity, NPROC 23407, NOFILE 4096, AS infinity
load average:8.31 3.34 1.90

/proc/meminfo:
MemTotal:        6015976 kB
MemFree:          116292 kB
MemAvailable:      42080 kB
Buffers:            1744 kB
Cached:           573528 kB
SwapCached:            0 kB
Active:          5118732 kB
Inactive:         490360 kB
Active(anon):    5104416 kB
Inactive(anon):   453080 kB
Active(file):      14316 kB
Inactive(file):    37280 kB
Unevictable:         168 kB
Mlocked:             168 kB
SwapTotal:             0 kB
SwapFree:              0 kB
Dirty:               316 kB
Writeback:            20 kB
AnonPages:       5034440 kB
Mapped:           288720 kB
Shmem:            523224 kB
Slab:             123424 kB
SReclaimable:      52448 kB
SUnreclaim:        70976 kB
KernelStack:       17024 kB
PageTables:        85112 kB
NFS_Unstable:          0 kB
Bounce:                0 kB
WritebackTmp:          0 kB
CommitLimit:     3007988 kB
Committed_AS:   12733256 kB
VmallocTotal:   34359738367 kB
VmallocUsed:           0 kB
VmallocChunk:          0 kB
HardwareCorrupted:     0 kB
AnonHugePages:         0 kB
ShmemHugePages:        0 kB
ShmemPmdMapped:        0 kB
CmaTotal:              0 kB
CmaFree:               0 kB
HugePages_Total:       0
HugePages_Free:        0
HugePages_Rsvd:        0
HugePages_Surp:        0
Hugepagesize:       2048 kB
DirectMap4k:      189096 kB
DirectMap2M:     6008832 kB


CPU:total 4 (initial active 4) (2 cores per cpu, 2 threads per core) family 6 model 42 stepping 7, cmov, cx8, fxsr, mmx, sse, sse2, sse3, ssse3, sse4.1, sse4.2, popcnt, avx, clmul, ht, tsc, tscinvbit

/proc/cpuinfo:
processor	: 0
vendor_id	: GenuineIntel
cpu family	: 6
model		: 42
model name	: Intel(R) Core(TM) i3-2330M CPU @ 2.20GHz
stepping	: 7
microcode	: 0x29
cpu MHz		: 879.919
cache size	: 3072 KB
physical id	: 0
siblings	: 4
core id		: 0
cpu cores	: 2
apicid		: 0
initial apicid	: 0
fpu		: yes
fpu_exception	: yes
cpuid level	: 13
wp		: yes
flags		: fpu vme de pse tsc msr pae mce cx8 apic sep mtrr pge mca cmov pat pse36 clflush dts acpi mmx fxsr sse sse2 ss ht tm pbe syscall nx rdtscp lm constant_tsc arch_perfmon pebs bts rep_good nopl xtopology nonstop_tsc cpuid aperfmperf pni pclmulqdq dtes64 monitor ds_cpl vmx est tm2 ssse3 cx16 xtpr pdcm pcid sse4_1 sse4_2 x2apic popcnt tsc_deadline_timer xsave avx lahf_lm epb tpr_shadow vnmi flexpriority ept vpid xsaveopt dtherm arat pln pts
bugs		:
bogomips	: 4390.44
clflush size	: 64
cache_alignment	: 64
address sizes	: 36 bits physical, 48 bits virtual
power management:

processor	: 1
vendor_id	: GenuineIntel
cpu family	: 6
model		: 42
model name	: Intel(R) Core(TM) i3-2330M CPU @ 2.20GHz
stepping	: 7
microcode	: 0x29
cpu MHz		: 837.487
cache size	: 3072 KB
physical id	: 0
siblings	: 4
core id		: 1
cpu cores	: 2
apicid		: 2
initial apicid	: 2
fpu		: yes
fpu_exception	: yes
cpuid level	: 13
wp		: yes
flags		: fpu vme de pse tsc msr pae mce cx8 apic sep mtrr pge mca cmov pat pse36 clflush dts acpi mmx fxsr sse sse2 ss ht tm pbe syscall nx rdtscp lm constant_tsc arch_perfmon pebs bts rep_good nopl xtopology nonstop_tsc cpuid aperfmperf pni pclmulqdq dtes64 monitor ds_cpl vmx est tm2 ssse3 cx16 xtpr pdcm pcid sse4_1 sse4_2 x2apic popcnt tsc_deadline_timer xsave avx lahf_lm epb tpr_shadow vnmi flexpriority ept vpid xsaveopt dtherm arat pln pts
bugs		:
bogomips	: 4394.32
clflush size	: 64
cache_alignment	: 64
address sizes	: 36 bits physical, 48 bits virtual
power management:

processor	: 2
vendor_id	: GenuineIntel
cpu family	: 6
model		: 42
model name	: Intel(R) Core(TM) i3-2330M CPU @ 2.20GHz
stepping	: 7
microcode	: 0x29
cpu MHz		: 799.890
cache size	: 3072 KB
physical id	: 0
siblings	: 4
core id		: 0
cpu cores	: 2
apicid		: 1
initial apicid	: 1
fpu		: yes
fpu_exception	: yes
cpuid level	: 13
wp		: yes
flags		: fpu vme de pse tsc msr pae mce cx8 apic sep mtrr pge mca cmov pat pse36 clflush dts acpi mmx fxsr sse sse2 ss ht tm pbe syscall nx rdtscp lm constant_tsc arch_perfmon pebs bts rep_good nopl xtopology nonstop_tsc cpuid aperfmperf pni pclmulqdq dtes64 monitor ds_cpl vmx est tm2 ssse3 cx16 xtpr pdcm pcid sse4_1 sse4_2 x2apic popcnt tsc_deadline_timer xsave avx lahf_lm epb tpr_shadow vnmi flexpriority ept vpid xsaveopt dtherm arat pln pts
bugs		:
bogomips	: 4396.93
clflush size	: 64
cache_alignment	: 64
address sizes	: 36 bits physical, 48 bits virtual
power management:

processor	: 3
vendor_id	: GenuineIntel
cpu family	: 6
model		: 42
model name	: Intel(R) Core(TM) i3-2330M CPU @ 2.20GHz
stepping	: 7
microcode	: 0x29
cpu MHz		: 799.890
cache size	: 3072 KB
physical id	: 0
siblings	: 4
core id		: 1
cpu cores	: 2
apicid		: 3
initial apicid	: 3
fpu		: yes
fpu_exception	: yes
cpuid level	: 13
wp		: yes
flags		: fpu vme de pse tsc msr pae mce cx8 apic sep mtrr pge mca cmov pat pse36 clflush dts acpi mmx fxsr sse sse2 ss ht tm pbe syscall nx rdtscp lm constant_tsc arch_perfmon pebs bts rep_good nopl xtopology nonstop_tsc cpuid aperfmperf pni pclmulqdq dtes64 monitor ds_cpl vmx est tm2 ssse3 cx16 xtpr pdcm pcid sse4_1 sse4_2 x2apic popcnt tsc_deadline_timer xsave avx lahf_lm epb tpr_shadow vnmi flexpriority ept vpid xsaveopt dtherm arat pln pts
bugs		:
bogomips	: 4395.05
clflush size	: 64
cache_alignment	: 64
address sizes	: 36 bits physical, 48 bits virtual
power management:



Memory: 4k page, physical 6015976k(116292k free), swap 0k(0k free)

vm_info: OpenJDK 64-Bit Server VM (25.131-b12) for linux-amd64 JRE (1.8.0_131-b12), built on Jun 26 2017 08:02:03 by "mockbuild" with gcc 7.1.1 20170622 (Red Hat 7.1.1-3)

time: Fri Mar  2 07:01:51 2018
elapsed time: 36 seconds (0d 0h 0m 36s)

