#
# There is insufficient memory for the Java Runtime Environment to continue.
# Native memory allocation (mmap) failed to map 348913664 bytes for committing reserved memory.
# Possible reasons:
#   The system is out of physical RAM or swap space
#   In 32 bit mode, the process size limit was hit
# Possible solutions:
#   Reduce memory load on the system
#   Increase physical memory or swap space
#   Check if swap backing store is full
#   Use 64 bit Java on a 64 bit OS
#   Decrease Java heap size (-Xmx/-Xms)
#   Decrease number of Java threads
#   Decrease Java thread stack sizes (-Xss)
#   Set larger code cache with -XX:ReservedCodeCacheSize=
# This output file may be truncated or incomplete.
#
#  Out of Memory Error (os_linux.cpp:2651), pid=8225, tid=0x00007f6e9d5f8700
#
# JRE version:  (8.0_131-b12) (build )
# Java VM: OpenJDK 64-Bit Server VM (25.131-b12 mixed mode linux-amd64 compressed oops)
# Core dump written. Default location: /home/prakshal/IdeaProjects/ErpSystem/core or core.8225
#

---------------  T H R E A D  ---------------

Current thread (0x00007f6e9400c000):  JavaThread "Unknown thread" [_thread_in_vm, id=8261, stack(0x00007f6e9d4f8000,0x00007f6e9d5f9000)]

Stack: [0x00007f6e9d4f8000,0x00007f6e9d5f9000],  sp=0x00007f6e9d5f74e0,  free space=1021k
Native frames: (J=compiled Java code, j=interpreted, Vv=VM code, C=native code)
V  [libjvm.so+0xb574d2]
V  [libjvm.so+0x4f5f37]
V  [libjvm.so+0x917430]
V  [libjvm.so+0x91199e]
V  [libjvm.so+0xb5391c]
V  [libjvm.so+0x600806]
V  [libjvm.so+0x50059f]
V  [libjvm.so+0x93999e]
V  [libjvm.so+0x602296]
V  [libjvm.so+0x5ec3ef]
V  [libjvm.so+0xb1985a]
V  [libjvm.so+0xb19b65]
V  [libjvm.so+0x64686f]
V  [libjvm.so+0xafc75b]
V  [libjvm.so+0x6d41b1]  JNI_CreateJavaVM+0x61
C  [libjli.so+0x2b53]
C  [libpthread.so.0+0x736d]  start_thread+0xdd


---------------  P R O C E S S  ---------------

Java Threads: ( => current thread )

Other Threads:

=>0x00007f6e9400c000 (exited) JavaThread "Unknown thread" [_thread_in_vm, id=8261, stack(0x00007f6e9d4f8000,0x00007f6e9d5f9000)]

VM state:not at safepoint (not fully initialized)

VM Mutex/Monitor currently owned by a thread: None

GC Heap History (0 events):
No events

Deoptimization events (0 events):
No events

Internal exceptions (0 events):
No events

Events (0 events):
No events


Dynamic libraries:
d4cc0000-100000000 ---p 00000000 00:00 0 
5594f5a84000-5594f5a85000 r-xp 00000000 08:03 527992                     /usr/lib/jvm/java-1.8.0-openjdk-1.8.0.131-7.b12.fc26.x86_64/bin/java
5594f5c84000-5594f5c85000 r--p 00000000 08:03 527992                     /usr/lib/jvm/java-1.8.0-openjdk-1.8.0.131-7.b12.fc26.x86_64/bin/java
5594f5c85000-5594f5c86000 rw-p 00001000 08:03 527992                     /usr/lib/jvm/java-1.8.0-openjdk-1.8.0.131-7.b12.fc26.x86_64/bin/java
5594f6922000-5594f6943000 rw-p 00000000 00:00 0                          [heap]
7f6e70000000-7f6e70021000 rw-p 00000000 00:00 0 
7f6e70021000-7f6e74000000 ---p 00000000 00:00 0 
7f6e78000000-7f6e78021000 rw-p 00000000 00:00 0 
7f6e78021000-7f6e7c000000 ---p 00000000 00:00 0 
7f6e7c000000-7f6e7c021000 rw-p 00000000 00:00 0 
7f6e7c021000-7f6e80000000 ---p 00000000 00:00 0 
7f6e80000000-7f6e80021000 rw-p 00000000 00:00 0 
7f6e80021000-7f6e84000000 ---p 00000000 00:00 0 
7f6e85000000-7f6e85270000 rwxp 00000000 00:00 0 
7f6e85270000-7f6e94000000 ---p 00000000 00:00 0 
7f6e94000000-7f6e9403b000 rw-p 00000000 00:00 0 
7f6e9403b000-7f6e98000000 ---p 00000000 00:00 0 
7f6e992b9000-7f6e994b9000 ---p 00000000 00:00 0 
7f6e994b9000-7f6e994ba000 rw-p 00000000 00:00 0 
7f6e994ba000-7f6e994bb000 ---p 00000000 00:00 0 
7f6e994bb000-7f6e995bb000 rw-p 00000000 00:00 0 
7f6e995bb000-7f6e995bc000 ---p 00000000 00:00 0 
7f6e995bc000-7f6e996bc000 rw-p 00000000 00:00 0 
7f6e996bc000-7f6e996bd000 ---p 00000000 00:00 0 
7f6e996bd000-7f6e997bd000 rw-p 00000000 00:00 0 
7f6e997bd000-7f6e997be000 ---p 00000000 00:00 0 
7f6e997be000-7f6e998c8000 rw-p 00000000 00:00 0 
7f6e998c8000-7f6e99c7e000 ---p 00000000 00:00 0 
7f6e99c7e000-7f6e99c86000 r-xp 00000000 08:03 399455                     /usr/lib/jvm/java-1.8.0-openjdk-1.8.0.131-7.b12.fc26.x86_64/jre/lib/amd64/libzip.so
7f6e99c86000-7f6e99e85000 ---p 00008000 08:03 399455                     /usr/lib/jvm/java-1.8.0-openjdk-1.8.0.131-7.b12.fc26.x86_64/jre/lib/amd64/libzip.so
7f6e99e85000-7f6e99e86000 r--p 00007000 08:03 399455                     /usr/lib/jvm/java-1.8.0-openjdk-1.8.0.131-7.b12.fc26.x86_64/jre/lib/amd64/libzip.so
7f6e99e86000-7f6e99e87000 rw-p 00000000 00:00 0 
7f6e99e87000-7f6e9a68c000 r--s 00000000 08:03 2621490                    /var/lib/sss/mc/passwd
7f6e9a68c000-7f6e9a694000 r-xp 00000000 08:03 402928                     /usr/lib64/libnss_sss.so.2
7f6e9a694000-7f6e9a893000 ---p 00008000 08:03 402928                     /usr/lib64/libnss_sss.so.2
7f6e9a893000-7f6e9a894000 r--p 00007000 08:03 402928                     /usr/lib64/libnss_sss.so.2
7f6e9a894000-7f6e9a895000 rw-p 00008000 08:03 402928                     /usr/lib64/libnss_sss.so.2
7f6e9a895000-7f6e9a8c3000 r-xp 00000000 08:03 399437                     /usr/lib/jvm/java-1.8.0-openjdk-1.8.0.131-7.b12.fc26.x86_64/jre/lib/amd64/libjava.so
7f6e9a8c3000-7f6e9aac2000 ---p 0002e000 08:03 399437                     /usr/lib/jvm/java-1.8.0-openjdk-1.8.0.131-7.b12.fc26.x86_64/jre/lib/amd64/libjava.so
7f6e9aac2000-7f6e9aac3000 r--p 0002d000 08:03 399437                     /usr/lib/jvm/java-1.8.0-openjdk-1.8.0.131-7.b12.fc26.x86_64/jre/lib/amd64/libjava.so
7f6e9aac3000-7f6e9aac4000 rw-p 0002e000 08:03 399437                     /usr/lib/jvm/java-1.8.0-openjdk-1.8.0.131-7.b12.fc26.x86_64/jre/lib/amd64/libjava.so
7f6e9aac4000-7f6e9aac5000 rw-p 00000000 00:00 0 
7f6e9aac5000-7f6e9aad2000 r-xp 00000000 08:03 399454                     /usr/lib/jvm/java-1.8.0-openjdk-1.8.0.131-7.b12.fc26.x86_64/jre/lib/amd64/libverify.so
7f6e9aad2000-7f6e9acd1000 ---p 0000d000 08:03 399454                     /usr/lib/jvm/java-1.8.0-openjdk-1.8.0.131-7.b12.fc26.x86_64/jre/lib/amd64/libverify.so
7f6e9acd1000-7f6e9acd3000 r--p 0000c000 08:03 399454                     /usr/lib/jvm/java-1.8.0-openjdk-1.8.0.131-7.b12.fc26.x86_64/jre/lib/amd64/libverify.so
7f6e9acd3000-7f6e9acd4000 rw-p 00000000 00:00 0 
7f6e9acd4000-7f6e9acdb000 r-xp 00000000 08:03 403060                     /usr/lib64/librt-2.25.so
7f6e9acdb000-7f6e9aeda000 ---p 00007000 08:03 403060                     /usr/lib64/librt-2.25.so
7f6e9aeda000-7f6e9aedb000 r--p 00006000 08:03 403060                     /usr/lib64/librt-2.25.so
7f6e9aedb000-7f6e9aedc000 rw-p 00007000 08:03 403060                     /usr/lib64/librt-2.25.so
7f6e9aedc000-7f6e9aef2000 r-xp 00000000 08:03 402598                     /usr/lib64/libgcc_s-7-20170622.so.1
7f6e9aef2000-7f6e9b0f1000 ---p 00016000 08:03 402598                     /usr/lib64/libgcc_s-7-20170622.so.1
7f6e9b0f1000-7f6e9b0f2000 r--p 00015000 08:03 402598                     /usr/lib64/libgcc_s-7-20170622.so.1
7f6e9b0f2000-7f6e9b0f3000 rw-p 00016000 08:03 402598                     /usr/lib64/libgcc_s-7-20170622.so.1
7f6e9b0f3000-7f6e9b208000 r-xp 00000000 08:03 402838                     /usr/lib64/libm-2.25.so
7f6e9b208000-7f6e9b407000 ---p 00115000 08:03 402838                     /usr/lib64/libm-2.25.so
7f6e9b407000-7f6e9b408000 r--p 00114000 08:03 402838                     /usr/lib64/libm-2.25.so
7f6e9b408000-7f6e9b409000 rw-p 00115000 08:03 402838                     /usr/lib64/libm-2.25.so
7f6e9b409000-7f6e9b583000 r-xp 00000000 08:03 403132                     /usr/lib64/libstdc++.so.6.0.24
7f6e9b583000-7f6e9b782000 ---p 0017a000 08:03 403132                     /usr/lib64/libstdc++.so.6.0.24
7f6e9b782000-7f6e9b78c000 r--p 00179000 08:03 403132                     /usr/lib64/libstdc++.so.6.0.24
7f6e9b78c000-7f6e9b78e000 rw-p 00183000 08:03 403132                     /usr/lib64/libstdc++.so.6.0.24
7f6e9b78e000-7f6e9b791000 rw-p 00000000 00:00 0 
7f6e9b791000-7f6e9c4e5000 r-xp 00000000 08:03 399459                     /usr/lib/jvm/java-1.8.0-openjdk-1.8.0.131-7.b12.fc26.x86_64/jre/lib/amd64/server/libjvm.so
7f6e9c4e5000-7f6e9c6e5000 ---p 00d54000 08:03 399459                     /usr/lib/jvm/java-1.8.0-openjdk-1.8.0.131-7.b12.fc26.x86_64/jre/lib/amd64/server/libjvm.so
7f6e9c6e5000-7f6e9c780000 r--p 00d54000 08:03 399459                     /usr/lib/jvm/java-1.8.0-openjdk-1.8.0.131-7.b12.fc26.x86_64/jre/lib/amd64/server/libjvm.so
7f6e9c780000-7f6e9c7a9000 rw-p 00def000 08:03 399459                     /usr/lib/jvm/java-1.8.0-openjdk-1.8.0.131-7.b12.fc26.x86_64/jre/lib/amd64/server/libjvm.so
7f6e9c7a9000-7f6e9c7d9000 rw-p 00000000 00:00 0 
7f6e9c7d9000-7f6e9c9a0000 r-xp 00000000 08:03 402415                     /usr/lib64/libc-2.25.so
7f6e9c9a0000-7f6e9cba0000 ---p 001c7000 08:03 402415                     /usr/lib64/libc-2.25.so
7f6e9cba0000-7f6e9cba4000 r--p 001c7000 08:03 402415                     /usr/lib64/libc-2.25.so
7f6e9cba4000-7f6e9cba6000 rw-p 001cb000 08:03 402415                     /usr/lib64/libc-2.25.so
7f6e9cba6000-7f6e9cbaa000 rw-p 00000000 00:00 0 
7f6e9cbaa000-7f6e9cbad000 r-xp 00000000 08:03 402507                     /usr/lib64/libdl-2.25.so
7f6e9cbad000-7f6e9cdac000 ---p 00003000 08:03 402507                     /usr/lib64/libdl-2.25.so
7f6e9cdac000-7f6e9cdad000 r--p 00002000 08:03 402507                     /usr/lib64/libdl-2.25.so
7f6e9cdad000-7f6e9cdae000 rw-p 00003000 08:03 402507                     /usr/lib64/libdl-2.25.so
7f6e9cdae000-7f6e9cdbc000 r-xp 00000000 08:03 792829                     /usr/lib/jvm/java-1.8.0-openjdk-1.8.0.131-7.b12.fc26.x86_64/lib/amd64/jli/libjli.so
7f6e9cdbc000-7f6e9cfbb000 ---p 0000e000 08:03 792829                     /usr/lib/jvm/java-1.8.0-openjdk-1.8.0.131-7.b12.fc26.x86_64/lib/amd64/jli/libjli.so
7f6e9cfbb000-7f6e9cfbc000 r--p 0000d000 08:03 792829                     /usr/lib/jvm/java-1.8.0-openjdk-1.8.0.131-7.b12.fc26.x86_64/lib/amd64/jli/libjli.so
7f6e9cfbc000-7f6e9cfbd000 rw-p 00000000 00:00 0 
7f6e9cfbd000-7f6e9cfd3000 r-xp 00000000 08:03 403320                     /usr/lib64/libz.so.1.2.11
7f6e9cfd3000-7f6e9d1d2000 ---p 00016000 08:03 403320                     /usr/lib64/libz.so.1.2.11
7f6e9d1d2000-7f6e9d1d3000 r--p 00015000 08:03 403320                     /usr/lib64/libz.so.1.2.11
7f6e9d1d3000-7f6e9d1d4000 rw-p 00000000 00:00 0 
7f6e9d1d4000-7f6e9d1ed000 r-xp 00000000 08:03 403011                     /usr/lib64/libpthread-2.25.so
7f6e9d1ed000-7f6e9d3ed000 ---p 00019000 08:03 403011                     /usr/lib64/libpthread-2.25.so
7f6e9d3ed000-7f6e9d3ee000 r--p 00019000 08:03 403011                     /usr/lib64/libpthread-2.25.so
7f6e9d3ee000-7f6e9d3ef000 rw-p 0001a000 08:03 403011                     /usr/lib64/libpthread-2.25.so
7f6e9d3ef000-7f6e9d3f3000 rw-p 00000000 00:00 0 
7f6e9d3f3000-7f6e9d41a000 r-xp 00000000 08:03 402238                     /usr/lib64/ld-2.25.so
7f6e9d4f8000-7f6e9d4fb000 ---p 00000000 00:00 0 
7f6e9d4fb000-7f6e9d5fe000 rw-p 00000000 00:00 0 
7f6e9d60d000-7f6e9d615000 rw-s 00000000 00:27 184047                     /tmp/hsperfdata_prakshal/8225
7f6e9d615000-7f6e9d616000 rw-p 00000000 00:00 0 
7f6e9d616000-7f6e9d617000 r--p 00000000 00:00 0 
7f6e9d617000-7f6e9d619000 rw-p 00000000 00:00 0 
7f6e9d619000-7f6e9d61a000 r--p 00026000 08:03 402238                     /usr/lib64/ld-2.25.so
7f6e9d61a000-7f6e9d61c000 rw-p 00027000 08:03 402238                     /usr/lib64/ld-2.25.so
7ffc240a0000-7ffc240c2000 rw-p 00000000 00:00 0                          [stack]
7ffc240cd000-7ffc240cf000 r--p 00000000 00:00 0                          [vvar]
7ffc240cf000-7ffc240d1000 r-xp 00000000 00:00 0                          [vdso]
ffffffffff600000-ffffffffff601000 r-xp 00000000 00:00 0                  [vsyscall]

VM Arguments:
jvm_args: -Xms2g -Xmx2g -XX:+UseConcMarkSweepGC -XX:CMSInitiatingOccupancyFraction=75 -XX:+UseCMSInitiatingOccupancyOnly -XX:+DisableExplicitGC -XX:+AlwaysPreTouch -Xss1m -Djava.awt.headless=true -Dfile.encoding=UTF-8 -Djna.nosys=true -Djdk.io.permissionsUseCanonicalPath=true -Dio.netty.noUnsafe=true -Dio.netty.noKeySetOptimization=true -Dio.netty.recycler.maxCapacityPerThread=0 -Dlog4j.shutdownHookEnabled=false -Dlog4j2.disable.jmx=true -Dlog4j.skipJansi=true -XX:+HeapDumpOnOutOfMemoryError -Xms1g -Xmx1g -Des.path.home=/tmp/embedded-elasticsearch-temp-dir/elasticsearch-5.4.1 
java_command: org.elasticsearch.bootstrap.Elasticsearch
java_class_path (initial): /tmp/embedded-elasticsearch-temp-dir/elasticsearch-5.4.1/lib/java-version-checker-5.4.1.jar:/tmp/embedded-elasticsearch-temp-dir/elasticsearch-5.4.1/lib/jna-4.4.0.jar:/tmp/embedded-elasticsearch-temp-dir/elasticsearch-5.4.1/lib/log4j-1.2-api-2.8.2.jar:/tmp/embedded-elasticsearch-temp-dir/elasticsearch-5.4.1/lib/log4j-core-2.8.2.jar:/tmp/embedded-elasticsearch-temp-dir/elasticsearch-5.4.1/lib/log4j-api-2.8.2.jar:/tmp/embedded-elasticsearch-temp-dir/elasticsearch-5.4.1/lib/jts-1.13.jar:/tmp/embedded-elasticsearch-temp-dir/elasticsearch-5.4.1/lib/spatial4j-0.6.jar:/tmp/embedded-elasticsearch-temp-dir/elasticsearch-5.4.1/lib/HdrHistogram-2.1.9.jar:/tmp/embedded-elasticsearch-temp-dir/elasticsearch-5.4.1/lib/t-digest-3.0.jar:/tmp/embedded-elasticsearch-temp-dir/elasticsearch-5.4.1/lib/jackson-dataformat-cbor-2.8.6.jar:/tmp/embedded-elasticsearch-temp-dir/elasticsearch-5.4.1/lib/jackson-dataformat-yaml-2.8.6.jar:/tmp/embedded-elasticsearch-temp-dir/elasticsearch-5.4.1/lib/jackson-dataformat-smile-2.8.6.jar:/tmp/embedded-elasticsearch-temp-dir/elasticsearch-5.4.1/lib/jackson-core-2.8.6.jar:/tmp/embedded-elasticsearch-temp-dir/elasticsearch-5.4.1/lib/snakeyaml-1.15.jar:/tmp/embedded-elasticsearch-temp-dir/elasticsearch-5.4.1/lib/joda-time-2.9.5.jar:/tmp/embedded-elasticsearch-temp-dir/elasticsearch-5.4.1/lib/hppc-0.7.1.jar:/tmp/embedded-elasticsearch-temp-dir/elasticsearch-5.4.1/lib/jopt-simple-5.0.2.jar:/tmp/embedded-elasticsearch-temp-dir/elasticsearch-5.4.1/lib/securesm-1.1.jar:/tmp/embedded-elasticsearch-temp-dir/elasticsearch-5.4.1/lib/lucene-suggest-6.5.1.jar:/tmp/embedded-elasticsearch-temp-dir/elasticsearch-5.4.1/lib/lucene-spatial3d-6.5.1.jar:/tmp/embedded-elasticsearch-temp-dir/elasticsearch-5.4.1/lib/lucene-spatial-extras-6.5.1.jar:/tmp/embedded-elasticsearch-temp-dir/elasticsearch-5.4.1/lib/lucene-spatial-6.5.1.jar:/tmp/embedded-elasticsearch-temp-dir/elasticsearch-5.4.1/lib/lucene-sandbox-6.5.1.jar:/tmp/embedded-elasticsearch-temp-d
Launcher Type: SUN_STANDARD

Environment Variables:
JAVA_HOME=/usr/lib/jvm/java
PATH=/usr/local/bin:/usr/local/sbin:/usr/bin:/usr/sbin:/home/prakshal/.local/bin:/home/prakshal/bin:/home/prakshal/.local/bin:/home/prakshal/bin
USERNAME=prakshal
LD_LIBRARY_PATH=/home/prakshal/Downloads/ideaIC-2017.2.6/idea-IC-172.4574.11/bin:
SHELL=/bin/bash
DISPLAY=:0

Signal Handlers:
SIGSEGV: [libjvm.so+0xb57e10], sa_mask[0]=11111111011111111101111111111110, sa_flags=SA_RESTART|SA_SIGINFO
SIGBUS: [libjvm.so+0xb57e10], sa_mask[0]=11111111011111111101111111111110, sa_flags=SA_RESTART|SA_SIGINFO
SIGFPE: [libjvm.so+0x912ad0], sa_mask[0]=11111111011111111101111111111110, sa_flags=SA_RESTART|SA_SIGINFO
SIGPIPE: [libjvm.so+0x912ad0], sa_mask[0]=11111111011111111101111111111110, sa_flags=SA_RESTART|SA_SIGINFO
SIGXFSZ: [libjvm.so+0x912ad0], sa_mask[0]=11111111011111111101111111111110, sa_flags=SA_RESTART|SA_SIGINFO
SIGILL: [libjvm.so+0x912ad0], sa_mask[0]=11111111011111111101111111111110, sa_flags=SA_RESTART|SA_SIGINFO
SIGUSR1: SIG_DFL, sa_mask[0]=00000000000000000000000000000000, sa_flags=none
SIGUSR2: [libjvm.so+0x912980], sa_mask[0]=00100000000000000000000000000000, sa_flags=SA_RESTART|SA_SIGINFO
SIGHUP: SIG_DFL, sa_mask[0]=00000000000000000000000000000000, sa_flags=none
SIGINT: SIG_DFL, sa_mask[0]=00000000000000000000000000000000, sa_flags=none
SIGTERM: SIG_DFL, sa_mask[0]=00000000000000000000000000000000, sa_flags=none
SIGQUIT: SIG_DFL, sa_mask[0]=00000000000000000000000000000000, sa_flags=none


---------------  S Y S T E M  ---------------

OS:Fedora release 26 (Twenty Six)

uname:Linux 4.11.8-300.fc26.x86_64 #1 SMP Thu Jun 29 20:09:48 UTC 2017 x86_64
libc:glibc 2.25 NPTL 2.25 
rlimit: STACK 8192k, CORE infinity, NPROC 23407, NOFILE 4096, AS infinity
load average:1.17 1.59 1.90

/proc/meminfo:
MemTotal:        6015968 kB
MemFree:          138624 kB
MemAvailable:      96296 kB
Buffers:            5336 kB
Cached:           497048 kB
SwapCached:            0 kB
Active:          5214108 kB
Inactive:         375248 kB
Active(anon):    5155672 kB
Inactive(anon):   317852 kB
Active(file):      58436 kB
Inactive(file):    57396 kB
Unevictable:         136 kB
Mlocked:             136 kB
SwapTotal:             0 kB
SwapFree:              0 kB
Dirty:               164 kB
Writeback:             0 kB
AnonPages:       5087048 kB
Mapped:           182492 kB
Shmem:            386424 kB
Slab:             122464 kB
SReclaimable:      52108 kB
SUnreclaim:        70356 kB
KernelStack:       16992 kB
PageTables:        83032 kB
NFS_Unstable:          0 kB
Bounce:                0 kB
WritebackTmp:          0 kB
CommitLimit:     3007984 kB
Committed_AS:   12693488 kB
VmallocTotal:   34359738367 kB
VmallocUsed:           0 kB
VmallocChunk:          0 kB
HardwareCorrupted:     0 kB
AnonHugePages:         0 kB
ShmemHugePages:        0 kB
ShmemPmdMapped:        0 kB
CmaTotal:              0 kB
CmaFree:               0 kB
HugePages_Total:       0
HugePages_Free:        0
HugePages_Rsvd:        0
HugePages_Surp:        0
Hugepagesize:       2048 kB
DirectMap4k:      193192 kB
DirectMap2M:     6004736 kB


CPU:total 4 (initial active 4) (2 cores per cpu, 2 threads per core) family 6 model 42 stepping 7, cmov, cx8, fxsr, mmx, sse, sse2, sse3, ssse3, sse4.1, sse4.2, popcnt, avx, clmul, ht, tsc, tscinvbit

/proc/cpuinfo:
processor	: 0
vendor_id	: GenuineIntel
cpu family	: 6
model		: 42
model name	: Intel(R) Core(TM) i3-2330M CPU @ 2.20GHz
stepping	: 7
microcode	: 0x29
cpu MHz		: 2170.727
cache size	: 3072 KB
physical id	: 0
siblings	: 4
core id		: 0
cpu cores	: 2
apicid		: 0
initial apicid	: 0
fpu		: yes
fpu_exception	: yes
cpuid level	: 13
wp		: yes
flags		: fpu vme de pse tsc msr pae mce cx8 apic sep mtrr pge mca cmov pat pse36 clflush dts acpi mmx fxsr sse sse2 ss ht tm pbe syscall nx rdtscp lm constant_tsc arch_perfmon pebs bts rep_good nopl xtopology nonstop_tsc cpuid aperfmperf pni pclmulqdq dtes64 monitor ds_cpl vmx est tm2 ssse3 cx16 xtpr pdcm pcid sse4_1 sse4_2 x2apic popcnt tsc_deadline_timer xsave avx lahf_lm epb tpr_shadow vnmi flexpriority ept vpid xsaveopt dtherm arat pln pts
bugs		:
bogomips	: 4390.36
clflush size	: 64
cache_alignment	: 64
address sizes	: 36 bits physical, 48 bits virtual
power management:

processor	: 1
vendor_id	: GenuineIntel
cpu family	: 6
model		: 42
model name	: Intel(R) Core(TM) i3-2330M CPU @ 2.20GHz
stepping	: 7
microcode	: 0x29
cpu MHz		: 2200.000
cache size	: 3072 KB
physical id	: 0
siblings	: 4
core id		: 1
cpu cores	: 2
apicid		: 2
initial apicid	: 2
fpu		: yes
fpu_exception	: yes
cpuid level	: 13
wp		: yes
flags		: fpu vme de pse tsc msr pae mce cx8 apic sep mtrr pge mca cmov pat pse36 clflush dts acpi mmx fxsr sse sse2 ss ht tm pbe syscall nx rdtscp lm constant_tsc arch_perfmon pebs bts rep_good nopl xtopology nonstop_tsc cpuid aperfmperf pni pclmulqdq dtes64 monitor ds_cpl vmx est tm2 ssse3 cx16 xtpr pdcm pcid sse4_1 sse4_2 x2apic popcnt tsc_deadline_timer xsave avx lahf_lm epb tpr_shadow vnmi flexpriority ept vpid xsaveopt dtherm arat pln pts
bugs		:
bogomips	: 4394.30
clflush size	: 64
cache_alignment	: 64
address sizes	: 36 bits physical, 48 bits virtual
power management:

processor	: 2
vendor_id	: GenuineIntel
cpu family	: 6
model		: 42
model name	: Intel(R) Core(TM) i3-2330M CPU @ 2.20GHz
stepping	: 7
microcode	: 0x29
cpu MHz		: 2200.000
cache size	: 3072 KB
physical id	: 0
siblings	: 4
core id		: 0
cpu cores	: 2
apicid		: 1
initial apicid	: 1
fpu		: yes
fpu_exception	: yes
cpuid level	: 13
wp		: yes
flags		: fpu vme de pse tsc msr pae mce cx8 apic sep mtrr pge mca cmov pat pse36 clflush dts acpi mmx fxsr sse sse2 ss ht tm pbe syscall nx rdtscp lm constant_tsc arch_perfmon pebs bts rep_good nopl xtopology nonstop_tsc cpuid aperfmperf pni pclmulqdq dtes64 monitor ds_cpl vmx est tm2 ssse3 cx16 xtpr pdcm pcid sse4_1 sse4_2 x2apic popcnt tsc_deadline_timer xsave avx lahf_lm epb tpr_shadow vnmi flexpriority ept vpid xsaveopt dtherm arat pln pts
bugs		:
bogomips	: 4396.98
clflush size	: 64
cache_alignment	: 64
address sizes	: 36 bits physical, 48 bits virtual
power management:

processor	: 3
vendor_id	: GenuineIntel
cpu family	: 6
model		: 42
model name	: Intel(R) Core(TM) i3-2330M CPU @ 2.20GHz
stepping	: 7
microcode	: 0x29
cpu MHz		: 2199.865
cache size	: 3072 KB
physical id	: 0
siblings	: 4
core id		: 1
cpu cores	: 2
apicid		: 3
initial apicid	: 3
fpu		: yes
fpu_exception	: yes
cpuid level	: 13
wp		: yes
flags		: fpu vme de pse tsc msr pae mce cx8 apic sep mtrr pge mca cmov pat pse36 clflush dts acpi mmx fxsr sse sse2 ss ht tm pbe syscall nx rdtscp lm constant_tsc arch_perfmon pebs bts rep_good nopl xtopology nonstop_tsc cpuid aperfmperf pni pclmulqdq dtes64 monitor ds_cpl vmx est tm2 ssse3 cx16 xtpr pdcm pcid sse4_1 sse4_2 x2apic popcnt tsc_deadline_timer xsave avx lahf_lm epb tpr_shadow vnmi flexpriority ept vpid xsaveopt dtherm arat pln pts
bugs		:
bogomips	: 4394.99
clflush size	: 64
cache_alignment	: 64
address sizes	: 36 bits physical, 48 bits virtual
power management:



Memory: 4k page, physical 6015968k(138624k free), swap 0k(0k free)

vm_info: OpenJDK 64-Bit Server VM (25.131-b12) for linux-amd64 JRE (1.8.0_131-b12), built on Jun 26 2017 08:02:03 by "mockbuild" with gcc 7.1.1 20170622 (Red Hat 7.1.1-3)

time: Sat Mar  3 12:38:50 2018
elapsed time: 0 seconds (0d 0h 0m 0s)

